<?xml version="1.0" encoding="UTF-8"?>
<testsuite xmlns:xsi="http://www.w3.org/2001/XMLSchema-instance" xsi:noNamespaceSchemaLocation="https://maven.apache.org/surefire/maven-surefire-plugin/xsd/surefire-test-report-3.0.xsd" version="3.0" name="dev.wpsjava.foundations.text.TextUtilsTest" time="0.055" tests="4" errors="0" skipped="0" failures="0">
  <properties>
[...]
</properties>
  <testcase name="countsDistinctWords_ignoresCaseAndPunctuation" classname="dev.wpsjava.foundations.text.TextUtilsTest" time="0.006"/>
  <testcase name="countsDistinctWords_emptyStringIsZero" classname="dev.wpsjava.foundations.text.TextUtilsTest" time="0.003"/>
  <testcase name="countDistinctWords_nullInputThrowsNullPointerException" classname="dev.wpsjava.foundations.text.TextUtilsTest" time="0.024"/>
  <testcase name="countsDistinctWords_handlesMultipleSpacesAndSymbols" classname="dev.wpsjava.foundations.text.TextUtilsTest" time="0.003"/>
</testsuite>